{"C:\\projek\\agrocelebes-backend\\config\\cloudinary.js": {"path":"C:\\projek\\agrocelebes-backend\\config\\cloudinary.js","statementMap":{"0":{"start":{"line":1,"column":19},"end":{"line":1,"column":43}},"1":{"start":{"line":2,"column":30},"end":{"line":2,"column":66}},"2":{"start":{"line":3,"column":15},"end":{"line":3,"column":32}},"3":{"start":{"line":4,"column":0},"end":{"line":4,"column":27}},"4":{"start":{"line":7,"column":0},"end":{"line":11,"column":3}},"5":{"start":{"line":14,"column":16},"end":{"line":21,"column":2}},"6":{"start":{"line":24,"column":15},"end":{"line":24,"column":43}},"7":{"start":{"line":26,"column":0},"end":{"line":26,"column":40}}},"fnMap":{},"branchMap":{},"s":{"0":1,"1":1,"2":1,"3":1,"4":1,"5":1,"6":1,"7":1},"f":{},"b":{},"_coverageSchema":"1a1c01bbd47fc00a2c39e90264f33305004495a9","hash":"4db8038fa5ed62c7d4b785fdf90971a0301de99c"}
,"C:\\projek\\agrocelebes-backend\\models\\Product.js": {"path":"C:\\projek\\agrocelebes-backend\\models\\Product.js","statementMap":{"0":{"start":{"line":1,"column":17},"end":{"line":1,"column":36}},"1":{"start":{"line":3,"column":22},"end":{"line":38,"column":24}},"2":{"start":{"line":40,"column":0},"end":{"line":40,"column":58}}},"fnMap":{},"branchMap":{},"s":{"0":1,"1":1,"2":1},"f":{},"b":{},"_coverageSchema":"1a1c01bbd47fc00a2c39e90264f33305004495a9","hash":"fac6cd8ad411f2015e287b5a6d09658547925bcb"}
,"C:\\projek\\agrocelebes-backend\\models\\User.js": {"path":"C:\\projek\\agrocelebes-backend\\models\\User.js","statementMap":{"0":{"start":{"line":1,"column":17},"end":{"line":1,"column":36}},"1":{"start":{"line":3,"column":19},"end":{"line":29,"column":24}},"2":{"start":{"line":31,"column":0},"end":{"line":31,"column":52}}},"fnMap":{},"branchMap":{},"s":{"0":1,"1":1,"2":1},"f":{},"b":{},"_coverageSchema":"1a1c01bbd47fc00a2c39e90264f33305004495a9","hash":"ed41d983b3f333881ef6039ca2fc08b587e174b1"}
,"C:\\projek\\agrocelebes-backend\\routes\\chatbot.js": {"path":"C:\\projek\\agrocelebes-backend\\routes\\chatbot.js","statementMap":{"0":{"start":{"line":1,"column":16},"end":{"line":1,"column":34}},"1":{"start":{"line":2,"column":31},"end":{"line":2,"column":63}},"2":{"start":{"line":3,"column":15},"end":{"line":3,"column":32}},"3":{"start":{"line":4,"column":28},"end":{"line":4,"column":67}},"4":{"start":{"line":5,"column":13},"end":{"line":5,"column":38}},"5":{"start":{"line":6,"column":15},"end":{"line":6,"column":31}},"6":{"start":{"line":8,"column":15},"end":{"line":8,"column":58}},"7":{"start":{"line":9,"column":14},"end":{"line":9,"column":64}},"8":{"start":{"line":11,"column":0},"end":{"line":89,"column":3}},"9":{"start":{"line":12,"column":2},"end":{"line":88,"column":3}},"10":{"start":{"line":13,"column":22},"end":{"line":13,"column":30}},"11":{"start":{"line":14,"column":19},"end":{"line":14,"column":30}},"12":{"start":{"line":15,"column":25},"end":{"line":15,"column":27}},"13":{"start":{"line":18,"column":19},"end":{"line":18,"column":49}},"14":{"start":{"line":19,"column":4},"end":{"line":21,"column":5}},"15":{"start":{"line":20,"column":6},"end":{"line":20,"column":54}},"16":{"start":{"line":24,"column":4},"end":{"line":26,"column":5}},"17":{"start":{"line":25,"column":6},"end":{"line":25,"column":69}},"18":{"start":{"line":29,"column":20},"end":{"line":29,"column":45}},"19":{"start":{"line":30,"column":25},"end":{"line":30,"column":83}},"20":{"start":{"line":32,"column":4},"end":{"line":35,"column":5}},"21":{"start":{"line":33,"column":6},"end":{"line":33,"column":38}},"22":{"start":{"line":34,"column":6},"end":{"line":34,"column":53}},"23":{"start":{"line":38,"column":4},"end":{"line":43,"column":5}},"24":{"start":{"line":39,"column":6},"end":{"line":42,"column":9}},"25":{"start":{"line":46,"column":24},"end":{"line":48,"column":16}},"26":{"start":{"line":47,"column":6},"end":{"line":47,"column":63}},"27":{"start":{"line":50,"column":19},"end":{"line":58,"column":5}},"28":{"start":{"line":61,"column":18},"end":{"line":61,"column":73}},"29":{"start":{"line":64,"column":4},"end":{"line":70,"column":5}},"30":{"start":{"line":66,"column":25},"end":{"line":66,"column":116}},"31":{"start":{"line":67,"column":6},"end":{"line":67,"column":68}},"32":{"start":{"line":69,"column":6},"end":{"line":69,"column":51}},"33":{"start":{"line":72,"column":23},"end":{"line":72,"column":45}},"34":{"start":{"line":75,"column":4},"end":{"line":75,"column":82}},"35":{"start":{"line":76,"column":4},"end":{"line":76,"column":64}},"36":{"start":{"line":77,"column":4},"end":{"line":77,"column":37}},"37":{"start":{"line":78,"column":4},"end":{"line":78,"column":26}},"38":{"start":{"line":80,"column":4},"end":{"line":83,"column":7}},"39":{"start":{"line":86,"column":4},"end":{"line":86,"column":45}},"40":{"start":{"line":87,"column":4},"end":{"line":87,"column":78}},"41":{"start":{"line":92,"column":0},"end":{"line":100,"column":3}},"42":{"start":{"line":93,"column":2},"end":{"line":99,"column":3}},"43":{"start":{"line":94,"column":21},"end":{"line":94,"column":64}},"44":{"start":{"line":95,"column":4},"end":{"line":95,"column":50}},"45":{"start":{"line":97,"column":4},"end":{"line":97,"column":47}},"46":{"start":{"line":98,"column":4},"end":{"line":98,"column":60}},"47":{"start":{"line":102,"column":0},"end":{"line":102,"column":24}}},"fnMap":{"0":{"name":"(anonymous_0)","decl":{"start":{"line":11,"column":58},"end":{"line":11,"column":59}},"loc":{"start":{"line":11,"column":78},"end":{"line":89,"column":1}},"line":11},"1":{"name":"(anonymous_1)","decl":{"start":{"line":46,"column":58},"end":{"line":46,"column":59}},"loc":{"start":{"line":47,"column":6},"end":{"line":47,"column":63}},"line":47},"2":{"name":"(anonymous_2)","decl":{"start":{"line":92,"column":40},"end":{"line":92,"column":41}},"loc":{"start":{"line":92,"column":60},"end":{"line":100,"column":1}},"line":92}},"branchMap":{"0":{"loc":{"start":{"line":19,"column":4},"end":{"line":21,"column":5}},"type":"if","locations":[{"start":{"line":19,"column":4},"end":{"line":21,"column":5}},{"start":{},"end":{}}],"line":19},"1":{"loc":{"start":{"line":24,"column":4},"end":{"line":26,"column":5}},"type":"if","locations":[{"start":{"line":24,"column":4},"end":{"line":26,"column":5}},{"start":{},"end":{}}],"line":24},"2":{"loc":{"start":{"line":24,"column":8},"end":{"line":24,"column":67}},"type":"binary-expr","locations":[{"start":{"line":24,"column":8},"end":{"line":24,"column":29}},{"start":{"line":24,"column":33},"end":{"line":24,"column":67}}],"line":24},"3":{"loc":{"start":{"line":32,"column":4},"end":{"line":35,"column":5}},"type":"if","locations":[{"start":{"line":32,"column":4},"end":{"line":35,"column":5}},{"start":{},"end":{}}],"line":32},"4":{"loc":{"start":{"line":38,"column":4},"end":{"line":43,"column":5}},"type":"if","locations":[{"start":{"line":38,"column":4},"end":{"line":43,"column":5}},{"start":{},"end":{}}],"line":38},"5":{"loc":{"start":{"line":47,"column":9},"end":{"line":47,"column":50}},"type":"cond-expr","locations":[{"start":{"line":47,"column":29},"end":{"line":47,"column":37}},{"start":{"line":47,"column":40},"end":{"line":47,"column":50}}],"line":47},"6":{"loc":{"start":{"line":64,"column":4},"end":{"line":70,"column":5}},"type":"if","locations":[{"start":{"line":64,"column":4},"end":{"line":70,"column":5}},{"start":{"line":68,"column":11},"end":{"line":70,"column":5}}],"line":64},"7":{"loc":{"start":{"line":75,"column":51},"end":{"line":75,"column":78}},"type":"binary-expr","locations":[{"start":{"line":75,"column":51},"end":{"line":75,"column":56}},{"start":{"line":75,"column":60},"end":{"line":75,"column":78}}],"line":75},"8":{"loc":{"start":{"line":95,"column":13},"end":{"line":95,"column":48}},"type":"cond-expr","locations":[{"start":{"line":95,"column":24},"end":{"line":95,"column":43}},{"start":{"line":95,"column":46},"end":{"line":95,"column":48}}],"line":95}},"s":{"0":1,"1":1,"2":1,"3":1,"4":1,"5":1,"6":1,"7":1,"8":1,"9":2,"10":2,"11":2,"12":2,"13":2,"14":2,"15":1,"16":2,"17":0,"18":2,"19":2,"20":2,"21":0,"22":0,"23":2,"24":0,"25":2,"26":2,"27":2,"28":2,"29":2,"30":0,"31":0,"32":2,"33":2,"34":2,"35":2,"36":2,"37":2,"38":2,"39":0,"40":0,"41":1,"42":0,"43":0,"44":0,"45":0,"46":0,"47":1},"f":{"0":2,"1":2,"2":0},"b":{"0":[1,1],"1":[0,2],"2":[2,2],"3":[0,2],"4":[0,2],"5":[1,1],"6":[0,2],"7":[2,1],"8":[0,0]},"_coverageSchema":"1a1c01bbd47fc00a2c39e90264f33305004495a9","hash":"6f858600a77f836208ce96ab19e25118d31adc77"}
}
