{"C:\\projek\\agrocelebes-backend\\routes\\product.js": {"path":"C:\\projek\\agrocelebes-backend\\routes\\product.js","statementMap":{"0":{"start":{"line":1,"column":16},"end":{"line":1,"column":34}},"1":{"start":{"line":2,"column":16},"end":{"line":2,"column":44}},"2":{"start":{"line":3,"column":28},"end":{"line":3,"column":67}},"3":{"start":{"line":6,"column":31},"end":{"line":6,"column":62}},"4":{"start":{"line":8,"column":15},"end":{"line":8,"column":31}},"5":{"start":{"line":13,"column":27},"end":{"line":21,"column":1}},"6":{"start":{"line":14,"column":2},"end":{"line":14,"column":24}},"7":{"start":{"line":14,"column":12},"end":{"line":14,"column":24}},"8":{"start":{"line":15,"column":19},"end":{"line":15,"column":33}},"9":{"start":{"line":17,"column":19},"end":{"line":17,"column":62}},"10":{"start":{"line":19,"column":17},"end":{"line":19,"column":46}},"11":{"start":{"line":20,"column":2},"end":{"line":20,"column":33}},"12":{"start":{"line":24,"column":0},"end":{"line":51,"column":3}},"13":{"start":{"line":25,"column":2},"end":{"line":50,"column":3}},"14":{"start":{"line":26,"column":4},"end":{"line":28,"column":5}},"15":{"start":{"line":27,"column":6},"end":{"line":27,"column":91}},"16":{"start":{"line":30,"column":89},"end":{"line":30,"column":97}},"17":{"start":{"line":33,"column":4},"end":{"line":35,"column":5}},"18":{"start":{"line":34,"column":6},"end":{"line":34,"column":107}},"19":{"start":{"line":38,"column":21},"end":{"line":38,"column":52}},"20":{"start":{"line":40,"column":23},"end":{"line":44,"column":6}},"21":{"start":{"line":46,"column":25},"end":{"line":46,"column":48}},"22":{"start":{"line":47,"column":4},"end":{"line":47,"column":88}},"23":{"start":{"line":49,"column":4},"end":{"line":49,"column":86}},"24":{"start":{"line":54,"column":0},"end":{"line":70,"column":3}},"25":{"start":{"line":55,"column":4},"end":{"line":69,"column":5}},"26":{"start":{"line":56,"column":22},"end":{"line":65,"column":10}},"27":{"start":{"line":66,"column":8},"end":{"line":66,"column":24}},"28":{"start":{"line":68,"column":8},"end":{"line":68,"column":75}},"29":{"start":{"line":73,"column":0},"end":{"line":86,"column":3}},"30":{"start":{"line":74,"column":4},"end":{"line":85,"column":5}},"31":{"start":{"line":76,"column":27},"end":{"line":76,"column":73}},"32":{"start":{"line":78,"column":28},"end":{"line":78,"column":45}},"33":{"start":{"line":79,"column":26},"end":{"line":79,"column":81}},"34":{"start":{"line":79,"column":59},"end":{"line":79,"column":77}},"35":{"start":{"line":81,"column":8},"end":{"line":81,"column":45}},"36":{"start":{"line":83,"column":8},"end":{"line":83,"column":29}},"37":{"start":{"line":84,"column":8},"end":{"line":84,"column":77}},"38":{"start":{"line":92,"column":0},"end":{"line":107,"column":3}},"39":{"start":{"line":93,"column":4},"end":{"line":106,"column":5}},"40":{"start":{"line":94,"column":29},"end":{"line":94,"column":39}},"41":{"start":{"line":95,"column":8},"end":{"line":95,"column":42}},"42":{"start":{"line":97,"column":31},"end":{"line":100,"column":21}},"43":{"start":{"line":102,"column":8},"end":{"line":102,"column":33}},"44":{"start":{"line":104,"column":8},"end":{"line":104,"column":29}},"45":{"start":{"line":105,"column":8},"end":{"line":105,"column":72}},"46":{"start":{"line":110,"column":0},"end":{"line":134,"column":3}},"47":{"start":{"line":111,"column":2},"end":{"line":133,"column":3}},"48":{"start":{"line":112,"column":53},"end":{"line":112,"column":62}},"49":{"start":{"line":113,"column":16},"end":{"line":113,"column":18}},"50":{"start":{"line":115,"column":4},"end":{"line":115,"column":73}},"51":{"start":{"line":115,"column":16},"end":{"line":115,"column":73}},"52":{"start":{"line":116,"column":4},"end":{"line":116,"column":68}},"53":{"start":{"line":116,"column":42},"end":{"line":116,"column":68}},"54":{"start":{"line":117,"column":4},"end":{"line":121,"column":5}},"55":{"start":{"line":118,"column":6},"end":{"line":118,"column":30}},"56":{"start":{"line":119,"column":6},"end":{"line":119,"column":63}},"57":{"start":{"line":119,"column":20},"end":{"line":119,"column":63}},"58":{"start":{"line":120,"column":6},"end":{"line":120,"column":63}},"59":{"start":{"line":120,"column":20},"end":{"line":120,"column":63}},"60":{"start":{"line":124,"column":21},"end":{"line":127,"column":16}},"61":{"start":{"line":130,"column":4},"end":{"line":130,"column":23}},"62":{"start":{"line":132,"column":4},"end":{"line":132,"column":86}},"63":{"start":{"line":137,"column":0},"end":{"line":145,"column":3}},"64":{"start":{"line":138,"column":2},"end":{"line":144,"column":3}},"65":{"start":{"line":139,"column":20},"end":{"line":139,"column":128}},"66":{"start":{"line":140,"column":4},"end":{"line":140,"column":83}},"67":{"start":{"line":140,"column":18},"end":{"line":140,"column":83}},"68":{"start":{"line":141,"column":4},"end":{"line":141,"column":22}},"69":{"start":{"line":143,"column":4},"end":{"line":143,"column":86}},"70":{"start":{"line":148,"column":0},"end":{"line":181,"column":3}},"71":{"start":{"line":149,"column":2},"end":{"line":180,"column":3}},"72":{"start":{"line":150,"column":24},"end":{"line":150,"column":61}},"73":{"start":{"line":151,"column":4},"end":{"line":151,"column":87}},"74":{"start":{"line":151,"column":22},"end":{"line":151,"column":87}},"75":{"start":{"line":153,"column":4},"end":{"line":155,"column":5}},"76":{"start":{"line":154,"column":7},"end":{"line":154,"column":64}},"77":{"start":{"line":157,"column":23},"end":{"line":157,"column":38}},"78":{"start":{"line":158,"column":38},"end":{"line":158,"column":46}},"79":{"start":{"line":162,"column":4},"end":{"line":164,"column":5}},"80":{"start":{"line":163,"column":6},"end":{"line":163,"column":107}},"81":{"start":{"line":168,"column":4},"end":{"line":174,"column":5}},"82":{"start":{"line":169,"column":6},"end":{"line":169,"column":43}},"83":{"start":{"line":172,"column":23},"end":{"line":172,"column":64}},"84":{"start":{"line":173,"column":6},"end":{"line":173,"column":64}},"85":{"start":{"line":173,"column":20},"end":{"line":173,"column":64}},"86":{"start":{"line":176,"column":27},"end":{"line":176,"column":114}},"87":{"start":{"line":177,"column":4},"end":{"line":177,"column":77}},"88":{"start":{"line":179,"column":4},"end":{"line":179,"column":86}},"89":{"start":{"line":184,"column":0},"end":{"line":202,"column":3}},"90":{"start":{"line":185,"column":2},"end":{"line":201,"column":3}},"91":{"start":{"line":186,"column":20},"end":{"line":186,"column":57}},"92":{"start":{"line":187,"column":4},"end":{"line":187,"column":83}},"93":{"start":{"line":187,"column":18},"end":{"line":187,"column":83}},"94":{"start":{"line":189,"column":4},"end":{"line":191,"column":5}},"95":{"start":{"line":190,"column":7},"end":{"line":190,"column":64}},"96":{"start":{"line":194,"column":21},"end":{"line":194,"column":58}},"97":{"start":{"line":195,"column":4},"end":{"line":195,"column":62}},"98":{"start":{"line":195,"column":18},"end":{"line":195,"column":62}},"99":{"start":{"line":197,"column":4},"end":{"line":197,"column":51}},"100":{"start":{"line":198,"column":4},"end":{"line":198,"column":77}},"101":{"start":{"line":200,"column":4},"end":{"line":200,"column":84}},"102":{"start":{"line":204,"column":0},"end":{"line":204,"column":24}}},"fnMap":{"0":{"name":"(anonymous_0)","decl":{"start":{"line":13,"column":27},"end":{"line":13,"column":28}},"loc":{"start":{"line":13,"column":36},"end":{"line":21,"column":1}},"line":13},"1":{"name":"(anonymous_1)","decl":{"start":{"line":24,"column":58},"end":{"line":24,"column":59}},"loc":{"start":{"line":24,"column":78},"end":{"line":51,"column":1}},"line":24},"2":{"name":"(anonymous_2)","decl":{"start":{"line":54,"column":28},"end":{"line":54,"column":29}},"loc":{"start":{"line":54,"column":48},"end":{"line":70,"column":1}},"line":54},"3":{"name":"(anonymous_3)","decl":{"start":{"line":73,"column":41},"end":{"line":73,"column":42}},"loc":{"start":{"line":73,"column":61},"end":{"line":86,"column":1}},"line":73},"4":{"name":"(anonymous_4)","decl":{"start":{"line":79,"column":44},"end":{"line":79,"column":45}},"loc":{"start":{"line":79,"column":59},"end":{"line":79,"column":77}},"line":79},"5":{"name":"(anonymous_5)","decl":{"start":{"line":92,"column":39},"end":{"line":92,"column":40}},"loc":{"start":{"line":92,"column":59},"end":{"line":107,"column":1}},"line":92},"6":{"name":"(anonymous_6)","decl":{"start":{"line":110,"column":33},"end":{"line":110,"column":34}},"loc":{"start":{"line":110,"column":53},"end":{"line":134,"column":1}},"line":110},"7":{"name":"(anonymous_7)","decl":{"start":{"line":137,"column":36},"end":{"line":137,"column":37}},"loc":{"start":{"line":137,"column":56},"end":{"line":145,"column":1}},"line":137},"8":{"name":"(anonymous_8)","decl":{"start":{"line":148,"column":60},"end":{"line":148,"column":61}},"loc":{"start":{"line":148,"column":80},"end":{"line":181,"column":1}},"line":148},"9":{"name":"(anonymous_9)","decl":{"start":{"line":184,"column":39},"end":{"line":184,"column":40}},"loc":{"start":{"line":184,"column":59},"end":{"line":202,"column":1}},"line":184}},"branchMap":{"0":{"loc":{"start":{"line":14,"column":2},"end":{"line":14,"column":24}},"type":"if","locations":[{"start":{"line":14,"column":2},"end":{"line":14,"column":24}},{"start":{},"end":{}}],"line":14},"1":{"loc":{"start":{"line":26,"column":4},"end":{"line":28,"column":5}},"type":"if","locations":[{"start":{"line":26,"column":4},"end":{"line":28,"column":5}},{"start":{},"end":{}}],"line":26},"2":{"loc":{"start":{"line":26,"column":8},"end":{"line":26,"column":63}},"type":"binary-expr","locations":[{"start":{"line":26,"column":8},"end":{"line":26,"column":34}},{"start":{"line":26,"column":38},"end":{"line":26,"column":63}}],"line":26},"3":{"loc":{"start":{"line":33,"column":4},"end":{"line":35,"column":5}},"type":"if","locations":[{"start":{"line":33,"column":4},"end":{"line":35,"column":5}},{"start":{},"end":{}}],"line":33},"4":{"loc":{"start":{"line":33,"column":8},"end":{"line":33,"column":41}},"type":"binary-expr","locations":[{"start":{"line":33,"column":8},"end":{"line":33,"column":25}},{"start":{"line":33,"column":29},"end":{"line":33,"column":41}}],"line":33},"5":{"loc":{"start":{"line":38,"column":21},"end":{"line":38,"column":52}},"type":"cond-expr","locations":[{"start":{"line":38,"column":32},"end":{"line":38,"column":45}},{"start":{"line":38,"column":48},"end":{"line":38,"column":52}}],"line":38},"6":{"loc":{"start":{"line":115,"column":4},"end":{"line":115,"column":73}},"type":"if","locations":[{"start":{"line":115,"column":4},"end":{"line":115,"column":73}},{"start":{},"end":{}}],"line":115},"7":{"loc":{"start":{"line":116,"column":4},"end":{"line":116,"column":68}},"type":"if","locations":[{"start":{"line":116,"column":4},"end":{"line":116,"column":68}},{"start":{},"end":{}}],"line":116},"8":{"loc":{"start":{"line":116,"column":8},"end":{"line":116,"column":40}},"type":"binary-expr","locations":[{"start":{"line":116,"column":8},"end":{"line":116,"column":16}},{"start":{"line":116,"column":20},"end":{"line":116,"column":40}}],"line":116},"9":{"loc":{"start":{"line":117,"column":4},"end":{"line":121,"column":5}},"type":"if","locations":[{"start":{"line":117,"column":4},"end":{"line":121,"column":5}},{"start":{},"end":{}}],"line":117},"10":{"loc":{"start":{"line":117,"column":8},"end":{"line":117,"column":28}},"type":"binary-expr","locations":[{"start":{"line":117,"column":8},"end":{"line":117,"column":16}},{"start":{"line":117,"column":20},"end":{"line":117,"column":28}}],"line":117},"11":{"loc":{"start":{"line":119,"column":6},"end":{"line":119,"column":63}},"type":"if","locations":[{"start":{"line":119,"column":6},"end":{"line":119,"column":63}},{"start":{},"end":{}}],"line":119},"12":{"loc":{"start":{"line":120,"column":6},"end":{"line":120,"column":63}},"type":"if","locations":[{"start":{"line":120,"column":6},"end":{"line":120,"column":63}},{"start":{},"end":{}}],"line":120},"13":{"loc":{"start":{"line":140,"column":4},"end":{"line":140,"column":83}},"type":"if","locations":[{"start":{"line":140,"column":4},"end":{"line":140,"column":83}},{"start":{},"end":{}}],"line":140},"14":{"loc":{"start":{"line":151,"column":4},"end":{"line":151,"column":87}},"type":"if","locations":[{"start":{"line":151,"column":4},"end":{"line":151,"column":87}},{"start":{},"end":{}}],"line":151},"15":{"loc":{"start":{"line":153,"column":4},"end":{"line":155,"column":5}},"type":"if","locations":[{"start":{"line":153,"column":4},"end":{"line":155,"column":5}},{"start":{},"end":{}}],"line":153},"16":{"loc":{"start":{"line":153,"column":8},"end":{"line":153,"column":85}},"type":"binary-expr","locations":[{"start":{"line":153,"column":8},"end":{"line":153,"column":56}},{"start":{"line":153,"column":60},"end":{"line":153,"column":85}}],"line":153},"17":{"loc":{"start":{"line":162,"column":4},"end":{"line":164,"column":5}},"type":"if","locations":[{"start":{"line":162,"column":4},"end":{"line":164,"column":5}},{"start":{},"end":{}}],"line":162},"18":{"loc":{"start":{"line":162,"column":8},"end":{"line":162,"column":100}},"type":"binary-expr","locations":[{"start":{"line":162,"column":9},"end":{"line":162,"column":35}},{"start":{"line":162,"column":39},"end":{"line":162,"column":56}},{"start":{"line":162,"column":62},"end":{"line":162,"column":83}},{"start":{"line":162,"column":87},"end":{"line":162,"column":99}}],"line":162},"19":{"loc":{"start":{"line":168,"column":4},"end":{"line":174,"column":5}},"type":"if","locations":[{"start":{"line":168,"column":4},"end":{"line":174,"column":5}},{"start":{},"end":{}}],"line":168},"20":{"loc":{"start":{"line":173,"column":6},"end":{"line":173,"column":64}},"type":"if","locations":[{"start":{"line":173,"column":6},"end":{"line":173,"column":64}},{"start":{},"end":{}}],"line":173},"21":{"loc":{"start":{"line":187,"column":4},"end":{"line":187,"column":83}},"type":"if","locations":[{"start":{"line":187,"column":4},"end":{"line":187,"column":83}},{"start":{},"end":{}}],"line":187},"22":{"loc":{"start":{"line":189,"column":4},"end":{"line":191,"column":5}},"type":"if","locations":[{"start":{"line":189,"column":4},"end":{"line":191,"column":5}},{"start":{},"end":{}}],"line":189},"23":{"loc":{"start":{"line":189,"column":8},"end":{"line":189,"column":81}},"type":"binary-expr","locations":[{"start":{"line":189,"column":8},"end":{"line":189,"column":52}},{"start":{"line":189,"column":56},"end":{"line":189,"column":81}}],"line":189},"24":{"loc":{"start":{"line":195,"column":4},"end":{"line":195,"column":62}},"type":"if","locations":[{"start":{"line":195,"column":4},"end":{"line":195,"column":62}},{"start":{},"end":{}}],"line":195}},"s":{"0":1,"1":1,"2":1,"3":1,"4":1,"5":1,"6":0,"7":0,"8":0,"9":0,"10":0,"11":0,"12":1,"13":2,"14":2,"15":0,"16":2,"17":2,"18":0,"19":2,"20":2,"21":2,"22":0,"23":2,"24":1,"25":0,"26":0,"27":0,"28":0,"29":1,"30":0,"31":0,"32":0,"33":0,"34":0,"35":0,"36":0,"37":0,"38":1,"39":0,"40":0,"41":0,"42":0,"43":0,"44":0,"45":0,"46":1,"47":1,"48":1,"49":1,"50":1,"51":0,"52":1,"53":0,"54":1,"55":0,"56":0,"57":0,"58":0,"59":0,"60":1,"61":1,"62":0,"63":1,"64":1,"65":1,"66":0,"67":0,"68":0,"69":1,"70":1,"71":1,"72":1,"73":1,"74":1,"75":0,"76":0,"77":0,"78":0,"79":0,"80":0,"81":0,"82":0,"83":0,"84":0,"85":0,"86":0,"87":0,"88":0,"89":1,"90":0,"91":0,"92":0,"93":0,"94":0,"95":0,"96":0,"97":0,"98":0,"99":0,"100":0,"101":0,"102":1},"f":{"0":0,"1":2,"2":0,"3":0,"4":0,"5":0,"6":1,"7":1,"8":1,"9":0},"b":{"0":[0,0],"1":[0,2],"2":[2,2],"3":[0,2],"4":[2,2],"5":[0,2],"6":[0,1],"7":[0,1],"8":[1,0],"9":[0,1],"10":[1,1],"11":[0,0],"12":[0,0],"13":[0,0],"14":[1,0],"15":[0,0],"16":[0,0],"17":[0,0],"18":[0,0,0,0],"19":[0,0],"20":[0,0],"21":[0,0],"22":[0,0],"23":[0,0],"24":[0,0]},"_coverageSchema":"1a1c01bbd47fc00a2c39e90264f33305004495a9","hash":"3da07e4e129b92a005aa9a893639098795ae97fc"}
}
