TN:
SF:config\cloudinary.js
FNF:0
FNH:0
DA:1,1
DA:2,1
DA:3,1
DA:4,1
DA:7,1
DA:14,1
DA:24,1
DA:26,1
LF:8
LH:8
BRF:0
BRH:0
end_of_record
TN:
SF:models\Product.js
FNF:0
FNH:0
DA:1,1
DA:3,1
DA:40,1
LF:3
LH:3
BRF:0
BRH:0
end_of_record
TN:
SF:models\User.js
FNF:0
FNH:0
DA:1,1
DA:3,1
DA:31,1
LF:3
LH:3
BRF:0
BRH:0
end_of_record
TN:
SF:routes\chatbot.js
FN:11,(anonymous_0)
FN:46,(anonymous_1)
FN:92,(anonymous_2)
FNF:3
FNH:2
FNDA:2,(anonymous_0)
FNDA:2,(anonymous_1)
FNDA:0,(anonymous_2)
DA:1,1
DA:2,1
DA:3,1
DA:4,1
DA:5,1
DA:6,1
DA:8,1
DA:9,1
DA:11,1
DA:12,2
DA:13,2
DA:14,2
DA:15,2
DA:18,2
DA:19,2
DA:20,1
DA:24,2
DA:25,0
DA:29,2
DA:30,2
DA:32,2
DA:33,0
DA:34,0
DA:38,2
DA:39,0
DA:46,2
DA:47,2
DA:50,2
DA:61,2
DA:64,2
DA:66,0
DA:67,0
DA:69,2
DA:72,2
DA:75,2
DA:76,2
DA:77,2
DA:78,2
DA:80,2
DA:86,0
DA:87,0
DA:92,1
DA:93,0
DA:94,0
DA:95,0
DA:97,0
DA:98,0
DA:102,1
LF:48
LH:35
BRDA:19,0,0,1
BRDA:19,0,1,1
BRDA:24,1,0,0
BRDA:24,1,1,2
BRDA:24,2,0,2
BRDA:24,2,1,2
BRDA:32,3,0,0
BRDA:32,3,1,2
BRDA:38,4,0,0
BRDA:38,4,1,2
BRDA:47,5,0,1
BRDA:47,5,1,1
BRDA:64,6,0,0
BRDA:64,6,1,2
BRDA:75,7,0,2
BRDA:75,7,1,1
BRDA:95,8,0,0
BRDA:95,8,1,0
BRF:18
BRH:12
end_of_record
