TN:
SF:routes\product.js
FN:13,(anonymous_0)
FN:24,(anonymous_1)
FN:54,(anonymous_2)
FN:73,(anonymous_3)
FN:79,(anonymous_4)
FN:92,(anonymous_5)
FN:110,(anonymous_6)
FN:137,(anonymous_7)
FN:148,(anonymous_8)
FN:184,(anonymous_9)
FNF:10
FNH:4
FNDA:0,(anonymous_0)
FNDA:2,(anonymous_1)
FNDA:0,(anonymous_2)
FNDA:0,(anonymous_3)
FNDA:0,(anonymous_4)
FNDA:0,(anonymous_5)
FNDA:1,(anonymous_6)
FNDA:1,(anonymous_7)
FNDA:1,(anonymous_8)
FNDA:0,(anonymous_9)
DA:1,1
DA:2,1
DA:3,1
DA:6,1
DA:8,1
DA:13,1
DA:14,0
DA:15,0
DA:17,0
DA:19,0
DA:20,0
DA:24,1
DA:25,2
DA:26,2
DA:27,0
DA:30,2
DA:33,2
DA:34,0
DA:38,2
DA:40,2
DA:46,2
DA:47,0
DA:49,2
DA:54,1
DA:55,0
DA:56,0
DA:66,0
DA:68,0
DA:73,1
DA:74,0
DA:76,0
DA:78,0
DA:79,0
DA:81,0
DA:83,0
DA:84,0
DA:92,1
DA:93,0
DA:94,0
DA:95,0
DA:97,0
DA:102,0
DA:104,0
DA:105,0
DA:110,1
DA:111,1
DA:112,1
DA:113,1
DA:115,1
DA:116,1
DA:117,1
DA:118,0
DA:119,0
DA:120,0
DA:124,1
DA:130,1
DA:132,0
DA:137,1
DA:138,1
DA:139,1
DA:140,0
DA:141,0
DA:143,1
DA:148,1
DA:149,1
DA:150,1
DA:151,1
DA:153,0
DA:154,0
DA:157,0
DA:158,0
DA:162,0
DA:163,0
DA:168,0
DA:169,0
DA:172,0
DA:173,0
DA:176,0
DA:177,0
DA:179,0
DA:184,1
DA:185,0
DA:186,0
DA:187,0
DA:189,0
DA:190,0
DA:194,0
DA:195,0
DA:197,0
DA:198,0
DA:200,0
DA:204,1
LF:92
LH:37
BRDA:14,0,0,0
BRDA:14,0,1,0
BRDA:26,1,0,0
BRDA:26,1,1,2
BRDA:26,2,0,2
BRDA:26,2,1,2
BRDA:33,3,0,0
BRDA:33,3,1,2
BRDA:33,4,0,2
BRDA:33,4,1,2
BRDA:38,5,0,0
BRDA:38,5,1,2
BRDA:115,6,0,0
BRDA:115,6,1,1
BRDA:116,7,0,0
BRDA:116,7,1,1
BRDA:116,8,0,1
BRDA:116,8,1,0
BRDA:117,9,0,0
BRDA:117,9,1,1
BRDA:117,10,0,1
BRDA:117,10,1,1
BRDA:119,11,0,0
BRDA:119,11,1,0
BRDA:120,12,0,0
BRDA:120,12,1,0
BRDA:140,13,0,0
BRDA:140,13,1,0
BRDA:151,14,0,1
BRDA:151,14,1,0
BRDA:153,15,0,0
BRDA:153,15,1,0
BRDA:153,16,0,0
BRDA:153,16,1,0
BRDA:162,17,0,0
BRDA:162,17,1,0
BRDA:162,18,0,0
BRDA:162,18,1,0
BRDA:162,18,2,0
BRDA:162,18,3,0
BRDA:168,19,0,0
BRDA:168,19,1,0
BRDA:173,20,0,0
BRDA:173,20,1,0
BRDA:187,21,0,0
BRDA:187,21,1,0
BRDA:189,22,0,0
BRDA:189,22,1,0
BRDA:189,23,0,0
BRDA:189,23,1,0
BRDA:195,24,0,0
BRDA:195,24,1,0
BRF:52
BRH:14
end_of_record
